This is pdfTeX, Version 3.14159265-2.6-1.40.20 (MiKTeX 2.9.7140 64-bit) (preloaded format=pdflatex 2019.9.15)  8 NOV 2019 22:15
entering extended mode
**"./Segundo Avance.tex"
("Segundo Avance.tex"
LaTeX2e <2018-12-01>
("C:\Users\Tapia\AppData\Local\Programs\MiKTeX 2.9\tex/latex/memoir\memoir.cls"
Document Class: memoir 2018/12/12 v3.7h configurable book, report, article docu
ment class
\onelineskip=\skip41
\lxvchars=\skip42
\xlvchars=\skip43
\@memcnta=\count80
\c@@memmarkcntra=\count81

("C:\Users\Tapia\AppData\Local\Programs\MiKTeX 2.9\tex/generic/oberdiek\ifpdf.s
ty"
Package: ifpdf 2018/09/07 v3.3 Provides the ifpdf switch
)
("C:\Users\Tapia\AppData\Local\Programs\MiKTeX 2.9\tex/latex/ifetex\ifetex.sty"
Package: ifetex 2018/03/31 v1.2a ifetex
("C:\Users\Tapia\AppData\Local\Programs\MiKTeX 2.9\tex/plain/ifetex\ifetex.tex"
))
("C:\Users\Tapia\AppData\Local\Programs\MiKTeX 2.9\tex/generic/ifxetex\ifxetex.
sty"
Package: ifxetex 2010/09/12 v0.6 Provides ifxetex conditional
)
("C:\Users\Tapia\AppData\Local\Programs\MiKTeX 2.9\tex/generic/oberdiek\ifluate
x.sty"
Package: ifluatex 2016/05/16 v1.4 Provides the ifluatex switch (HO)
Package ifluatex Info: LuaTeX not detected.
)
\stockheight=\skip44
\stockwidth=\skip45
\trimtop=\skip46
\trimedge=\skip47

("C:\Users\Tapia\AppData\Local\Programs\MiKTeX 2.9\tex/latex/memoir\mem11.clo"
File: mem11.clo 2008/01/30 v0.3 memoir class 11pt size option
)
\binding=\skip48
\spinemargin=\skip49
\foremargin=\skip50
\uppermargin=\skip51
\lowermargin=\skip52
\headdrop=\skip53
\normalrulethickness=\skip54
\mem@maxheadheight=\skip55
\mem@maxfootheight=\skip56
\headwidth=\skip57
\c@storedpagenumber=\count82
\memPD=\dimen102
\m@mabparskip=\skip58
\thanksmarkwidth=\skip59
\thanksmarksep=\skip60
\droptitle=\skip61
\c@book=\count83
\c@part=\count84
\c@chapter=\count85
\c@section=\count86
\c@subsection=\count87
\c@subsubsection=\count88
\c@paragraph=\count89
\c@subparagraph=\count90
\beforechapskip=\skip62
\midchapskip=\skip63
\afterchapskip=\skip64
\chapindent=\skip65
\bottomsectionskip=\skip66
\secindent=\skip67
\beforesecskip=\skip68
\aftersecskip=\skip69
\subsecindent=\skip70
\beforesubsecskip=\skip71
\aftersubsecskip=\skip72
\subsubsecindent=\skip73
\beforesubsubsecskip=\skip74
\aftersubsubsecskip=\skip75
\paraindent=\skip76
\beforeparaskip=\skip77
\afterparaskip=\skip78
\subparaindent=\skip79
\beforesubparaskip=\skip80
\aftersubparaskip=\skip81
\pfbreakskip=\skip82
\c@@ppsavesec=\count91
\c@@ppsaveapp=\count92
\ragrparindent=\dimen103
\everylistparindent=\dimen104
\parsepi=\skip83
\topsepi=\skip84
\itemsepi=\skip85
\parsepii=\skip86
\topsepii=\skip87
\topsepiii=\skip88
\itemsepii=\skip89
\itemsepiii=\skip90
\partopsepii=\skip91
\partopsepiii=\skip92
\m@msavetopsep=\skip93
\m@msavepartopsep=\skip94
\@enLab=\toks14
\abstitleskip=\skip95
\absleftindent=\skip96
\abs@leftindent=\dimen105
\absrightindent=\skip97
\absparindent=\skip98
\absparsep=\skip99
\c@vslineno=\count93
\c@poemline=\count94
\c@modulo@vs=\count95
\c@memfvsline=\count96
\vleftskip=\skip100
\vrightskip=\skip101
\stanzaskip=\skip102
\versewidth=\skip103
\vgap=\skip104
\vindent=\skip105
\vleftmargin=\dimen106
\c@verse=\count97
\c@chrsinstr=\count98
\beforepoemtitleskip=\skip106
\afterpoemtitleskip=\skip107
\c@poem=\count99
\beforePoemTitleskip=\skip108
\midPoemTitleskip=\skip109
\afterPoemTitleskip=\skip110
("C:\Users\Tapia\AppData\Local\Programs\MiKTeX 2.9\tex/latex/tools\array.sty"
Package: array 2018/12/30 v2.4k Tabular extension package (FMi)
\col@sep=\dimen107
\ar@mcellbox=\box27
\extrarowheight=\dimen108
\NC@list=\toks15
\extratabsurround=\skip111
\backup@length=\skip112
\ar@cellbox=\box28
)
("C:\Users\Tapia\AppData\Local\Programs\MiKTeX 2.9\tex/latex/tools\dcolumn.sty"
Package: dcolumn 2014/10/28 v1.06 decimal alignment package (DPC)
)
("C:\Users\Tapia\AppData\Local\Programs\MiKTeX 2.9\tex/latex/tools\delarray.sty
"
Package: delarray 2014/10/28 v1.01 array delimiter package (DPC)
)
("C:\Users\Tapia\AppData\Local\Programs\MiKTeX 2.9\tex/latex/tools\tabularx.sty
"
Package: tabularx 2016/02/03 v2.11b `tabularx' package (DPC)
\TX@col@width=\dimen109
\TX@old@table=\dimen110
\TX@old@col=\dimen111
\TX@target=\dimen112
\TX@delta=\dimen113
\TX@cols=\count100
\TX@ftn=\toks16
)
\heavyrulewidth=\dimen114
\lightrulewidth=\dimen115
\cmidrulewidth=\dimen116
\belowrulesep=\dimen117
\belowbottomsep=\dimen118
\aboverulesep=\dimen119
\abovetopsep=\dimen120
\cmidrulesep=\dimen121
\cmidrulekern=\dimen122
\defaultaddspace=\dimen123
\@cmidla=\count101
\@cmidlb=\count102
\@aboverulesep=\dimen124
\@belowrulesep=\dimen125
\@thisruleclass=\count103
\@lastruleclass=\count104
\@thisrulewidth=\dimen126
\ctableftskip=\skip113
\ctabrightskip=\skip114
\abovecolumnspenalty=\count105
\@linestogo=\count106
\@cellstogo=\count107
\@cellsincolumn=\count108
\crtok=\toks17
\@mincolumnwidth=\dimen127
\c@newflo@tctr=\count109
\mem@margin@floatbox=\box29
\@contcwidth=\skip115
\@contindw=\skip116
\abovecaptionskip=\skip117
\belowcaptionskip=\skip118
\subfloattopskip=\skip119
\subfloatcapskip=\skip120
\subfloatcaptopadj=\skip121
\subfloatbottomskip=\skip122
\subfloatlabelskip=\skip123
\subfloatcapmargin=\dimen128
\c@@contsubnum=\count110
\m@mscap@capbox=\box30
\m@mscap@fbox=\box31
\sidecapsep=\dimen129
\sidecapwidth=\dimen130
\m@m@tempdima=\dimen131
\m@mscapraise=\dimen132
\sidecapraise=\dimen133
\m@mscapmainwidth=\dimen134
\m@mscaplkern=\dimen135
\beforeepigraphskip=\skip124
\afterepigraphskip=\skip125
\epigraphwidth=\skip126
\epigraphrule=\skip127
LaTeX Info: Redefining \em on input line 7592.
LaTeX Info: Redefining \emph on input line 7600.
\tocentryskip=\skip128
\tocbaseline=\skip129
\cftparskip=\skip130
\cftbeforebookskip=\skip131
\cftbookindent=\dimen136
\cftbooknumwidth=\dimen137
\cftbeforepartskip=\skip132
\cftpartindent=\skip133
\cftpartnumwidth=\skip134
\cftbeforechapterskip=\skip135
\cftchapterindent=\skip136
\cftchapternumwidth=\skip137
\cftbeforesectionskip=\skip138
\cftsectionindent=\skip139
\cftsectionnumwidth=\skip140
\cftbeforesubsectionskip=\skip141
\cftsubsectionindent=\skip142
\cftsubsectionnumwidth=\skip143
\cftbeforesubsubsectionskip=\skip144
\cftsubsubsectionindent=\skip145
\cftsubsubsectionnumwidth=\skip146
\cftbeforeparagraphskip=\skip147
\cftparagraphindent=\skip148
\cftparagraphnumwidth=\skip149
\cftbeforesubparagraphskip=\skip150
\cftsubparagraphindent=\skip151
\cftsubparagraphnumwidth=\skip152
\prechapterprecisshift=\dimen138
\c@maxsecnumdepth=\count111
\bibindent=\dimen139
\bibitemsep=\skip153
\indexcolsep=\skip154
\indexrule=\skip155
\indexmarkstyle=\toks18
\@indexbox=\insert199
\glossarycolsep=\dimen140
\glossaryrule=\dimen141
\sideparvshift=\skip156
\sideins=\insert198
\sidebartopsep=\skip157
\sidebarhsep=\skip158
\sidebarvsep=\skip159
\sidebarwidth=\skip160
\footmarkwidth=\skip161
\footmarksep=\skip162
\footparindent=\skip163
\footinsdim=\skip164
\footinsv@r=\insert197
\@mpfootinsv@r=\insert196
\m@m@k=\count112
\m@m@h=\dimen142
\m@mipn@skip=\skip165
\sidefootins=\insert195
\sidefootadjust=\skip166
\sidefootheight=\skip167
\sidefoothsep=\skip168
\sidefootvsep=\skip169
\sidefootwidth=\skip170
\m@mdownsf=\skip171
\c@sidefootnote=\count113
\sidefootmarkwidth=\skip172
\sidefootmarksep=\skip173
\sidefootparindent=\skip174
\c@pagenote=\count114
\c@pagenoteshadow=\count115
\mem@pn@lastkern=\skip175
\every@verbatim=\toks19
\afterevery@verbatim=\toks20
\verbatim@line=\toks21
\tab@position=\count116
\verbatim@in@stream=\read1
\verbatimindent=\skip176
\verbatim@out=\write3
\bvboxsep=\skip177
\c@memfbvline=\count117
\c@bvlinectr=\count118
\bvnumlength=\skip178
\fb@frw=\dimen143
\fb@frh=\dimen144
\FrameRule=\dimen145
\FrameSep=\dimen146
\c@cp@cntr=\count119
LaTeX Info: Redefining \: on input line 12114.
LaTeX Info: Redefining \! on input line 12116.
\c@ism@mctr=\count120
\c@xsm@mctr=\count121
\c@csm@mctr=\count122
\c@ksm@mctr=\count123
\c@xksm@mctr=\count124
\c@cksm@mctr=\count125
\c@msm@mctr=\count126
\c@xmsm@mctr=\count127
\c@cmsm@mctr=\count128
\c@bsm@mctr=\count129
\c@workm@mctr=\count130
\c@sheetsequence=\count131
\c@lastsheet=\count132
\c@lastpage=\count133
\c@figure=\count134
\c@lofdepth=\count135
\cftbeforefigureskip=\skip179
\cftfigureindent=\skip180
\cftfigurenumwidth=\skip181
\c@table=\count136
\c@lotdepth=\count137
\cftbeforetableskip=\skip182
\cfttableindent=\skip183
\cfttablenumwidth=\skip184
Package abstract [2008/07/23] emulated by memoir.
Package appendix [2008/07/23] emulated by memoir.
Package booktabs [2016/05/16] emulated by memoir.
Package ccaption [2008/07/23] emulated by memoir.
Package changepage [2008/07/23] emulated by memoir.
Package chngcntr [2008/07/23] emulated by memoir.
Package chngpage [2008/07/23] emulated by memoir.
Package crop emulated by memoir.
Package enumerate [2008/07/23] emulated by memoir.
Package epigraph [2008/07/23] emulated by memoir.
Package ifmtarg [2008/07/23] emulated by memoir.
Package index [2008/07/23] emulated by memoir.
Package makeidx [2008/07/23] emulated by memoir.
Package moreverb [2008/07/23] emulated by memoir.
Package mparhack [2008/07/23] emulated by memoir.
Package needspace [2008/07/23] emulated by memoir.
Package newfile [2008/07/23] emulated by memoir.
Package nextpage [2008/07/23] emulated by memoir.
Package pagenote [2008/07/23] emulated by memoir.
Package parskip [2008/07/23] emulated by memoir.
Package patchcmd [2008/07/23] emulated by memoir.
Package setspace [2008/07/23] emulated by memoir.
Package shortvrb [2008/07/23] emulated by memoir.
Package showidx [2008/07/23] emulated by memoir.
Package titleref [2008/07/23] emulated by memoir.
Package titling [2008/07/23] emulated by memoir.
Package tocbibind [2008/07/23] emulated by memoir.
Package tocloft [2008/07/23] emulated by memoir.
Package tocvsec2 [2008/07/23] emulated by memoir.
Package verbatim [2008/07/23] emulated by memoir.
Package verse [2008/07/23] emulated by memoir.
)
("C:\Users\Tapia\AppData\Local\Programs\MiKTeX 2.9\tex/latex/base\inputenc.sty"
Package: inputenc 2018/08/11 v1.3c Input encoding file
\inpenc@prehook=\toks22
\inpenc@posthook=\toks23
)
("C:\Users\Tapia\AppData\Local\Programs\MiKTeX 2.9\tex/latex/microtype\microtyp
e.sty"
Package: microtype 2019/02/28 v2.7b Micro-typographical refinements (RS)

("C:\Users\Tapia\AppData\Local\Programs\MiKTeX 2.9\tex/latex/graphics\keyval.st
y"
Package: keyval 2014/10/28 v1.15 key=value parser (DPC)
\KV@toks@=\toks24
)
\MT@toks=\toks25
\MT@count=\count138
LaTeX Info: Redefining \textls on input line 790.
\MT@outer@kern=\dimen147
LaTeX Info: Redefining \textmicrotypecontext on input line 1336.
\MT@listname@count=\count139

("C:\Users\Tapia\AppData\Local\Programs\MiKTeX 2.9\tex/latex/microtype\microtyp
e-pdftex.def"
File: microtype-pdftex.def 2019/02/28 v2.7b Definitions specific to pdftex (RS)

LaTeX Info: Redefining \lsstyle on input line 914.
LaTeX Info: Redefining \lslig on input line 914.
\MT@outer@space=\skip185
)
Package microtype Info: Loading configuration file microtype.cfg.

("C:\Users\Tapia\AppData\Local\Programs\MiKTeX 2.9\tex/latex/microtype\microtyp
e.cfg"
File: microtype.cfg 2019/02/28 v2.7b microtype main configuration file (RS)
))
("C:\Users\Tapia\AppData\Local\Programs\MiKTeX 2.9\tex/latex/graphics\graphicx.
sty"
Package: graphicx 2017/06/01 v1.1a Enhanced LaTeX Graphics (DPC,SPQR)

("C:\Users\Tapia\AppData\Local\Programs\MiKTeX 2.9\tex/latex/graphics\graphics.
sty"
Package: graphics 2017/06/25 v1.2c Standard LaTeX Graphics (DPC,SPQR)

("C:\Users\Tapia\AppData\Local\Programs\MiKTeX 2.9\tex/latex/graphics\trig.sty"
Package: trig 2016/01/03 v1.10 sin cos tan (DPC)
)
("C:\Users\Tapia\AppData\Local\Programs\MiKTeX 2.9\tex/latex/graphics-cfg\graph
ics.cfg"
File: graphics.cfg 2016/06/04 v1.11 sample graphics configuration
)
Package graphics Info: Driver file: dvips.def on input line 99.

("C:\Users\Tapia\AppData\Local\Programs\MiKTeX 2.9\tex/latex/graphics-def\dvips
.def"
File: dvips.def 2017/06/20 v3.1d Graphics/color driver for dvips
))
\Gin@req@height=\dimen148
\Gin@req@width=\dimen149
)
("C:\Users\Tapia\AppData\Local\Programs\MiKTeX 2.9\tex/latex/xcolor\xcolor.sty"
Package: xcolor 2016/05/11 v2.12 LaTeX color extensions (UK)

("C:\Users\Tapia\AppData\Local\Programs\MiKTeX 2.9\tex/latex/graphics-cfg\color
.cfg"
File: color.cfg 2016/01/02 v1.6 sample color configuration
)
Package xcolor Info: Driver file: pdftex.def on input line 225.

("C:\Users\Tapia\AppData\Local\Programs\MiKTeX 2.9\tex/latex/graphics-def\pdfte
x.def"
File: pdftex.def 2018/01/08 v1.0l Graphics/color driver for pdftex
)
Package xcolor Info: Model `cmy' substituted by `cmy0' on input line 1348.
Package xcolor Info: Model `RGB' extended on input line 1364.
Package xcolor Info: Model `HTML' substituted by `rgb' on input line 1366.
Package xcolor Info: Model `Hsb' substituted by `hsb' on input line 1367.
Package xcolor Info: Model `tHsb' substituted by `hsb' on input line 1368.
Package xcolor Info: Model `HSB' substituted by `hsb' on input line 1369.
Package xcolor Info: Model `Gray' substituted by `gray' on input line 1370.
Package xcolor Info: Model `wave' substituted by `hsb' on input line 1371.
)
("C:\Users\Tapia\AppData\Local\Programs\MiKTeX 2.9\tex/latex/psnfss\times.sty"
Package: times 2005/04/12 PSNFSS-v9.2a (SPQR) 
) ("C:\Users\Tapia\AppData\Local\Programs\MiKTeX 2.9\tex/generic/babel\babel.st
y"
Package: babel 2019/07/19 3.33 The Babel package

("C:\Users\Tapia\AppData\Local\Programs\MiKTeX 2.9\tex/generic/babel\switch.def
"
File: switch.def 2019/07/19 3.33 Babel switching mechanism
)
*************************************
* Local config file bblopts.cfg used
*
("C:\Users\Tapia\AppData\Local\Programs\MiKTeX 2.9\tex/latex/arabi\bblopts.cfg"
File: bblopts.cfg 2005/09/08 v0.1 add Arabic and Farsi to "declared" options of
 babel
)
("C:\Users\Tapia\AppData\Local\Programs\MiKTeX 2.9\tex/latex/babel-spanish\span
ish.ldf"
Language: spanish.ldf 2016/03/03 v5.0p Spanish support from the babel system

("C:\Users\Tapia\AppData\Local\Programs\MiKTeX 2.9\tex/generic/babel\babel.def"
File: babel.def 2019/07/19 3.33 Babel common definitions
\babel@savecnt=\count140
\U@D=\dimen150

("C:\Users\Tapia\AppData\Local\Programs\MiKTeX 2.9\tex/generic/babel\txtbabel.d
ef")
\bbl@dirlevel=\count141
)
\es@quottoks=\toks26
\es@quotdepth=\count142
Package babel Info: Making " an active character on input line 561.
Package babel Info: Making . an active character on input line 662.
Package babel Info: Making < an active character on input line 707.
Package babel Info: Making > an active character on input line 707.
))
("C:\Users\Tapia\AppData\Local\Programs\MiKTeX 2.9\tex/latex/hyperref\hyperref.
sty"
Package: hyperref 2019/06/12 v6.88h Hypertext links for LaTeX

("C:\Users\Tapia\AppData\Local\Programs\MiKTeX 2.9\tex/generic/oberdiek\hobsub-
hyperref.sty"
Package: hobsub-hyperref 2016/05/16 v1.14 Bundle oberdiek, subset hyperref (HO)


("C:\Users\Tapia\AppData\Local\Programs\MiKTeX 2.9\tex/generic/oberdiek\hobsub-
generic.sty"
Package: hobsub-generic 2016/05/16 v1.14 Bundle oberdiek, subset generic (HO)
Package: hobsub 2016/05/16 v1.14 Construct package bundles (HO)
Package: infwarerr 2016/05/16 v1.4 Providing info/warning/error messages (HO)
Package: ltxcmds 2016/05/16 v1.23 LaTeX kernel commands for general use (HO)
Package hobsub Info: Skipping package `ifluatex' (already loaded).
Package: ifvtex 2016/05/16 v1.6 Detect VTeX and its facilities (HO)
Package ifvtex Info: VTeX not detected.
Package: intcalc 2016/05/16 v1.2 Expandable calculations with integers (HO)
Package hobsub Info: Skipping package `ifpdf' (already loaded).
Package: etexcmds 2016/05/16 v1.6 Avoid name clashes with e-TeX commands (HO)
Package: kvsetkeys 2016/05/16 v1.17 Key value parser (HO)
Package: kvdefinekeys 2016/05/16 v1.4 Define keys (HO)
Package: pdftexcmds 2019/07/25 v0.30 Utility functions of pdfTeX for LuaTeX (HO
)
Package pdftexcmds Info: LuaTeX not detected.
Package pdftexcmds Info: \pdf@primitive is available.
Package pdftexcmds Info: \pdf@ifprimitive is available.
Package pdftexcmds Info: \pdfdraftmode found.
Package: pdfescape 2016/05/16 v1.14 Implements pdfTeX's escape features (HO)
Package: bigintcalc 2016/05/16 v1.4 Expandable calculations on big integers (HO
)
Package: bitset 2016/05/16 v1.2 Handle bit-vector datatype (HO)
Package: uniquecounter 2016/05/16 v1.3 Provide unlimited unique counter (HO)
)
Package hobsub Info: Skipping package `hobsub' (already loaded).
Package: letltxmacro 2016/05/16 v1.5 Let assignment for LaTeX macros (HO)
Package: hopatch 2016/05/16 v1.3 Wrapper for package hooks (HO)
Package: xcolor-patch 2016/05/16 xcolor patch
Package: atveryend 2016/05/16 v1.9 Hooks at the very end of document (HO)
Package atveryend Info: \enddocument detected (standard20110627).
Package: atbegshi 2016/06/09 v1.18 At begin shipout hook (HO)
Package: refcount 2016/05/16 v3.5 Data extraction from label references (HO)
Package: hycolor 2016/05/16 v1.8 Color options for hyperref/bookmark (HO)
)
("C:\Users\Tapia\AppData\Local\Programs\MiKTeX 2.9\tex/latex/oberdiek\auxhook.s
ty"
Package: auxhook 2016/05/16 v1.4 Hooks for auxiliary files (HO)
)
("C:\Users\Tapia\AppData\Local\Programs\MiKTeX 2.9\tex/latex/oberdiek\kvoptions
.sty"
Package: kvoptions 2016/05/16 v3.12 Key value format for package options (HO)
)
\@linkdim=\dimen151
\Hy@linkcounter=\count143
\Hy@pagecounter=\count144

("C:\Users\Tapia\AppData\Local\Programs\MiKTeX 2.9\tex/latex/hyperref\pd1enc.de
f"
File: pd1enc.def 2019/06/12 v6.88h Hyperref: PDFDocEncoding definition (HO)
Now handling font encoding PD1 ...
... no UTF-8 mapping file for font encoding PD1
)
\Hy@SavedSpaceFactor=\count145

("C:\Users\Tapia\AppData\Local\Programs\MiKTeX 2.9\tex/latex/00miktex\hyperref.
cfg"
File: hyperref.cfg 2002/06/06 v1.2 hyperref configuration of TeXLive
)
Package hyperref Info: Option `breaklinks' set `true' on input line 4424.
Package hyperref Info: Option `colorlinks' set `true' on input line 4424.
Package hyperref Info: Option `bookmarks' set `true' on input line 4424.
Package hyperref Info: Hyper figures OFF on input line 4550.
Package hyperref Info: Link nesting OFF on input line 4555.
Package hyperref Info: Hyper index ON on input line 4558.
Package hyperref Info: Plain pages OFF on input line 4565.
Package hyperref Info: Backreferencing OFF on input line 4570.
Package hyperref Info: Implicit mode ON; LaTeX internals redefined.
Package hyperref Info: Bookmarks ON on input line 4803.
\c@Hy@tempcnt=\count146
 ("C:\Users\Tapia\AppData\Local\Programs\MiKTeX 2.9\tex/latex/url\url.sty"
\Urlmuskip=\muskip10
Package: url 2013/09/16  ver 3.4  Verb mode for urls, etc.
)
LaTeX Info: Redefining \url on input line 5156.
\XeTeXLinkMargin=\dimen152
\Fld@menulength=\count147
\Field@Width=\dimen153
\Fld@charsize=\dimen154
Package hyperref Info: Hyper figures OFF on input line 6411.
Package hyperref Info: Link nesting OFF on input line 6416.
Package hyperref Info: Hyper index ON on input line 6419.
Package hyperref Info: backreferencing OFF on input line 6426.
Package hyperref Info: Link coloring ON on input line 6429.
Package hyperref Info: Link coloring with OCG OFF on input line 6436.
Package hyperref Info: PDF/A mode OFF on input line 6441.
LaTeX Info: Redefining \ref on input line 6481.
LaTeX Info: Redefining \pageref on input line 6485.
\Hy@abspage=\count148
\c@Item=\count149
\c@Hfootnote=\count150
)
("C:\Users\Tapia\AppData\Local\Programs\MiKTeX 2.9\tex/latex/memoir\memhfixc.st
y"
Package: memhfixc 2013/05/30 v1.17 nameref/hyperref package fixes for memoir cl
ass
\c@memhycontfloat=\count151
\c@Hpagenote=\count152
)
Package hyperref Info: Driver (autodetected): hpdftex.

("C:\Users\Tapia\AppData\Local\Programs\MiKTeX 2.9\tex/latex/hyperref\hpdftex.d
ef"
File: hpdftex.def 2019/06/12 v6.88h Hyperref driver for pdfTeX
\Fld@listcount=\count153
\c@bookmark@seq@number=\count154

("C:\Users\Tapia\AppData\Local\Programs\MiKTeX 2.9\tex/latex/oberdiek\rerunfile
check.sty"
Package: rerunfilecheck 2016/05/16 v1.8 Rerun checks for auxiliary files (HO)
Package uniquecounter Info: New unique counter `rerunfilecheck' on input line 2
82.
)
\Hy@SectionHShift=\skip186
)
("C:\Users\Tapia\AppData\Local\Programs\MiKTeX 2.9\tex/latex/pdfpages\pdfpages.
sty"
Package: pdfpages 2019/09/21 v0.5n Insert pages of external PDF documents (AM)

("C:\Users\Tapia\AppData\Local\Programs\MiKTeX 2.9\tex/latex/base\ifthen.sty"
Package: ifthen 2014/09/29 v1.1c Standard LaTeX ifthen package (DPC)
)
("C:\Users\Tapia\AppData\Local\Programs\MiKTeX 2.9\tex/latex/tools\calc.sty"
Package: calc 2017/05/25 v4.3 Infix arithmetic (KKT,FJ)
\calc@Acount=\count155
\calc@Bcount=\count156
\calc@Adimen=\dimen155
\calc@Bdimen=\dimen156
\calc@Askip=\skip187
\calc@Bskip=\skip188
LaTeX Info: Redefining \setlength on input line 80.
LaTeX Info: Redefining \addtolength on input line 81.
\calc@Ccount=\count157
\calc@Cskip=\skip189
)
("C:\Users\Tapia\AppData\Local\Programs\MiKTeX 2.9\tex/latex/eso-pic\eso-pic.st
y"
Package: eso-pic 2018/04/12 v2.0h eso-pic (RN)
)
\AM@pagewidth=\dimen157
\AM@pageheight=\dimen158

("C:\Users\Tapia\AppData\Local\Programs\MiKTeX 2.9\tex/latex/pdfpages\pppdftex.
def"
File: pppdftex.def 2019/09/21 v0.5n Pdfpages driver for pdfTeX (AM)
)
\AM@pagebox=\box32
\AM@global@opts=\toks27
\AM@toc@title=\toks28
\c@AM@survey=\count158
\AM@templatesizebox=\box33
)
("C:\Users\Tapia\AppData\Local\Programs\MiKTeX 2.9\tex/latex/geometry\geometry.
sty"
Package: geometry 2018/04/16 v5.8 Page Geometry
\Gm@cnth=\count159
\Gm@cntv=\count160
\c@Gm@tempcnt=\count161
\Gm@bindingoffset=\dimen159
\Gm@wd@mp=\dimen160
\Gm@odd@mp=\dimen161
\Gm@even@mp=\dimen162
\Gm@layoutwidth=\dimen163
\Gm@layoutheight=\dimen164
\Gm@layouthoffset=\dimen165
\Gm@layoutvoffset=\dimen166
\Gm@dimlist=\toks29

("C:\Users\Tapia\AppData\Local\Programs\MiKTeX 2.9\tex/latex/geometry\geometry.
cfg"))

Package geometry Warning: Over-specification in `h'-direction.
    `width' (597.50787pt) is ignored.


Package geometry Warning: Over-specification in `v'-direction.
    `height' (845.04684pt) is ignored.

("Segundo Avance.aux"
LaTeX Info: Redefining \. on input line 24.
LaTeX Info: Redefining \% on input line 24.
)
\openout1 = `"Segundo Avance.aux"'.

LaTeX Font Info:    Checking defaults for OML/cmm/m/it on input line 58.
LaTeX Font Info:    ... okay on input line 58.
LaTeX Font Info:    Checking defaults for T1/cmr/m/n on input line 58.
LaTeX Font Info:    ... okay on input line 58.
LaTeX Font Info:    Checking defaults for OT1/cmr/m/n on input line 58.
LaTeX Font Info:    ... okay on input line 58.
LaTeX Font Info:    Checking defaults for OMS/cmsy/m/n on input line 58.
LaTeX Font Info:    ... okay on input line 58.
LaTeX Font Info:    Checking defaults for OMX/cmex/m/n on input line 58.
LaTeX Font Info:    ... okay on input line 58.
LaTeX Font Info:    Checking defaults for U/cmr/m/n on input line 58.
LaTeX Font Info:    ... okay on input line 58.
LaTeX Font Info:    Checking defaults for PD1/pdf/m/n on input line 58.
LaTeX Font Info:    ... okay on input line 58.
LaTeX Font Info:    Try loading font information for OT1+ptm on input line 58.

("C:\Users\Tapia\AppData\Local\Programs\MiKTeX 2.9\tex/latex/psnfss\ot1ptm.fd"
File: ot1ptm.fd 2001/06/04 font definitions for OT1/ptm.
)
LaTeX Info: Redefining \microtypecontext on input line 58.
Package microtype Info: Generating PDF output.
Package microtype Info: Character protrusion enabled (level 2).
Package microtype Info: Using default protrusion set `alltext'.
Package microtype Info: Automatic font expansion enabled (level 2),
(microtype)             stretch: 20, shrink: 20, step: 1, non-selected.
Package microtype Info: Using default expansion set `basictext'.
Package microtype Info: No adjustment of tracking.
Package microtype Info: No adjustment of interword spacing.
Package microtype Info: No adjustment of character kerning.

("C:\Users\Tapia\AppData\Local\Programs\MiKTeX 2.9\tex/latex/microtype\mt-ptm.c
fg"
File: mt-ptm.cfg 2006/04/20 v1.7 microtype config. file: Times (RS)
)
("C:\Users\Tapia\AppData\Local\Programs\MiKTeX 2.9\tex/context/base/mkii\supp-p
df.mkii"
[Loading MPS to PDF converter (version 2006.09.02).]
\scratchcounter=\count162
\scratchdimen=\dimen167
\scratchbox=\box34
\nofMPsegments=\count163
\nofMParguments=\count164
\everyMPshowfont=\toks30
\MPscratchCnt=\count165
\MPscratchDim=\dimen168
\MPnumerator=\count166
\makeMPintoPDFobject=\count167
\everyMPtoPDFconversion=\toks31
)
("C:\Users\Tapia\AppData\Local\Programs\MiKTeX 2.9\tex/latex/oberdiek\epstopdf-
base.sty"
Package: epstopdf-base 2016/05/15 v2.6 Base part for package epstopdf

("C:\Users\Tapia\AppData\Local\Programs\MiKTeX 2.9\tex/latex/oberdiek\grfext.st
y"
Package: grfext 2016/05/16 v1.2 Manage graphics extensions (HO)
)
Package epstopdf-base Info: Redefining graphics rule for `.eps' on input line 4
38.
Package grfext Info: Graphics extension search list:
(grfext)             [.pdf,.png,.jpg,.mps,.jpeg,.jbig2,.jb2,.PDF,.PNG,.JPG,.JPE
G,.JBIG2,.JB2,.eps]
(grfext)             \AppendGraphicsExtensions on input line 456.
)
LaTeX Info: Redefining \. on input line 58.
LaTeX Info: Redefining \% on input line 58.
\AtBeginShipoutBox=\box35
Package hyperref Info: Link coloring ON on input line 58.

("C:\Users\Tapia\AppData\Local\Programs\MiKTeX 2.9\tex/latex/hyperref\nameref.s
ty"
Package: nameref 2016/05/21 v2.44 Cross-referencing by name of section

("C:\Users\Tapia\AppData\Local\Programs\MiKTeX 2.9\tex/generic/oberdiek\gettitl
estring.sty"
Package: gettitlestring 2016/05/16 v1.5 Cleanup title references (HO)
)
\c@section@level=\count168
)
Redoing nameref's sectioning
Redoing nameref's label
LaTeX Info: Redefining \nameref on input line 58.
LaTeX Info: Redefining \ref on input line 58.
LaTeX Info: Redefining \pageref on input line 58.
LaTeX Info: Redefining \nameref on input line 58.
("Segundo Avance.out") ("Segundo Avance.out")
\@outlinefile=\write4
\openout4 = `"Segundo Avance.out"'.


("C:\Users\Tapia\AppData\Local\Programs\MiKTeX 2.9\tex/latex/oberdiek\pdflscape
.sty"
Package: pdflscape 2016/05/14 v0.11 Display of landscape pages in PDF (HO)

("C:\Users\Tapia\AppData\Local\Programs\MiKTeX 2.9\tex/latex/graphics\lscape.st
y"
Package: lscape 2000/10/22 v3.01 Landscape Pages (DPC)
)
Package pdflscape Info: Auto-detected driver: pdftex on input line 81.
)
*geometry* driver: auto-detecting
*geometry* detected driver: pdftex
*geometry* verbose mode - [ preamble ] result:
* driver: pdftex
* paper: a4paper
* layout: <same size as paper>
* layoutoffset:(h,v)=(0.0pt,0.0pt)
* bindingoffset: 28.45274pt
* modes: 
* h-part:(L,W,R)=(56.9055pt, 455.24413pt, 56.9055pt)
* v-part:(T,H,B)=(71.13188pt, 702.78308pt, 71.13188pt)
* \paperwidth=597.50787pt
* \paperheight=845.04684pt
* \textwidth=455.24413pt
* \textheight=702.78308pt
* \oddsidemargin=13.08826pt
* \evensidemargin=-15.36449pt
* \topmargin=-34.61191pt
* \headheight=13.6pt
* \headsep=19.8738pt
* \topskip=11.0pt
* \footskip=27.46295pt
* \marginparwidth=49.0pt
* \marginparsep=7.0pt
* \columnsep=10.0pt
* \skip\footins=12.0pt plus 4.0pt minus 4.0pt
* \hoffset=0.0pt
* \voffset=0.0pt
* \mag=1000
* \@twocolumnfalse
* \@twosidefalse
* \@mparswitchfalse
* \@reversemarginfalse
* (1in=72.27pt=25.4mm, 1cm=28.453pt)

LaTeX Font Info:    Try loading font information for OT1+phv on input line 69.
("C:\Users\Tapia\AppData\Local\Programs\MiKTeX 2.9\tex/latex/psnfss\ot1phv.fd"
File: ot1phv.fd 2001/06/04 scalable font definitions for OT1/phv.
)
Package microtype Info: Loading generic protrusion settings for font family
(microtype)             `phv' (encoding: OT1).
(microtype)             For optimal results, create family-specific settings.
(microtype)             See the microtype manual for details.
<Escudo.png, id=99, 274.77657pt x 64.74188pt>
File: Escudo.png Graphic file (type png)
<use Escudo.png>
Package pdftex.def Info: Escudo.png  used on input line 74.
(pdftex.def)             Requested size: 274.77588pt x 64.74171pt.

Underfull \hbox (badness 10000) in paragraph at lines 105--106

 []

[1
Non-PDF special ignored!
<special> papersize=597.50787pt,845.04684pt

{C:/Users/Tapia/AppData/Local/MiKTeX/2.9/pdftex/config/pdftex.map} <./Escudo.pn
g>]
LaTeX Font Info:    Font shape `OT1/phv/bx/n' in size <24.88> not available
(Font)              Font shape `OT1/phv/b/n' tried instead on input line 110.
 ("Segundo Avance.toc"
LaTeX Info: Redefining \. on input line 1.
LaTeX Info: Redefining \% on input line 1.
LaTeX Font Info:    Font shape `OT1/ptm/bx/n' in size <10.95> not available
(Font)              Font shape `OT1/ptm/b/n' tried instead on input line 2.

("C:\Users\Tapia\AppData\Local\Programs\MiKTeX 2.9\tex/latex/microtype\mt-cmr.c
fg"
File: mt-cmr.cfg 2013/05/19 v2.2 microtype config. file: Computer Modern Roman 
(RS)
)
LaTeX Font Info:    External font `cmex10' loaded for size
(Font)              <10.95> on input line 2.
LaTeX Font Info:    External font `cmex10' loaded for size
(Font)              <8> on input line 2.
LaTeX Font Info:    External font `cmex10' loaded for size
(Font)              <6> on input line 2.
) [2]
LaTeX Font Info:    Font shape `OT1/phv/m/it' in size <14.4> not available
(Font)              Font shape `OT1/phv/m/sl' tried instead on input line 117.
LaTeX Font Info:    Font shape `OT1/ptm/bx/n' in size <14.4> not available
(Font)              Font shape `OT1/ptm/b/n' tried instead on input line 118.
LaTeX Font Info:    Font shape `OT1/phv/bx/n' in size <14.4> not available
(Font)              Font shape `OT1/phv/b/n' tried instead on input line 118.

Underfull \hbox (badness 10000) in paragraph at lines 122--132

 []

[3


]
Underfull \hbox (badness 10000) in paragraph at lines 139--140

 []

<tabla.png, id=145, 483.30562pt x 469.755pt>
File: tabla.png Graphic file (type png)
<use tabla.png>
Package pdftex.def Info: tabla.png  used on input line 141.
(pdftex.def)             Requested size: 426.79134pt x 414.84076pt.

Underfull \hbox (badness 10000) in paragraph at lines 149--150

 []

[4

 <./tabla.png>]
<Project.png, id=150, 944.02687pt x 258.9675pt>
File: Project.png Graphic file (type png)
<use Project.png>
Package pdftex.def Info: Project.png  used on input line 152.
(pdftex.def)             Requested size: 512.1496pt x 140.4963pt.

Overfull \hbox (56.90547pt too wide) in paragraph at lines 152--154
 [] 
 []


Underfull \hbox (badness 10000) in paragraph at lines 160--161

 []


Underfull \hbox (badness 10000) in paragraph at lines 164--165

 []

<tablaaluminio.png, id=151, 308.65312pt x 96.36pt>
File: tablaaluminio.png Graphic file (type png)
<use tablaaluminio.png>
Package pdftex.def Info: tablaaluminio.png  used on input line 168.
(pdftex.def)             Requested size: 284.52756pt x 88.83456pt.

Underfull \hbox (badness 10000) in paragraph at lines 172--173

 []

<2019-10-18.png, id=152, 470.25688pt x 386.94562pt>
File: 2019-10-18.png Graphic file (type png)
<use 2019-10-18.png>
Package pdftex.def Info: 2019-10-18.png  used on input line 177.
(pdftex.def)             Requested size: 455.24408pt x 374.59285pt.
[5 <./Project.png> <./tablaaluminio.png>]
LaTeX Font Info:    Font shape `OT1/ptm/bx/n' in size <12> not available
(Font)              Font shape `OT1/ptm/b/n' tried instead on input line 182.
LaTeX Font Info:    Font shape `OT1/phv/bx/n' in size <12> not available
(Font)              Font shape `OT1/phv/b/n' tried instead on input line 182.

Underfull \hbox (badness 10000) in paragraph at lines 183--184

 []

<Dibujo1.jpeg, id=158, 1065.9825pt x 726.715pt>
File: Dibujo1.jpeg Graphic file (type jpg)
<use Dibujo1.jpeg>
Package pdftex.def Info: Dibujo1.jpeg  used on input line 186.
(pdftex.def)             Requested size: 142.26378pt x 96.98232pt.

Underfull \hbox (badness 10000) in paragraph at lines 191--192

 []

[6 <./2019-10-18.png> <./Dibujo1.jpeg>]
<Dibujo2.jpeg, id=164, 429.605pt x 656.4525pt>
File: Dibujo2.jpeg Graphic file (type jpg)
<use Dibujo2.jpeg>
Package pdftex.def Info: Dibujo2.jpeg  used on input line 193.
(pdftex.def)             Requested size: 142.26378pt x 217.38124pt.
<simulacion.pdf, id=165, 597.50829pt x 845.0471pt>
File: simulacion.pdf Graphic file (type pdf)
<use simulacion.pdf>
Package pdftex.def Info: simulacion.pdf  used on input line 210.
(pdftex.def)             Requested size: 597.50682pt x 845.04504pt.
File: simulacion.pdf Graphic file (type pdf)
<use simulacion.pdf>
Package pdftex.def Info: simulacion.pdf  used on input line 210.
(pdftex.def)             Requested size: 597.50682pt x 845.04504pt.
<simulacion.pdf, id=168, page=4, 597.50829pt x 845.0471pt>
File: simulacion.pdf Graphic file (type pdf)
<use simulacion.pdf, page 4>
Package pdftex.def Info: simulacion.pdf , page4 used on input line 210.
(pdftex.def)             Requested size: 597.50682pt x 845.04504pt.
File: simulacion.pdf Graphic file (type pdf)
<use simulacion.pdf, page 4>
Package pdftex.def Info: simulacion.pdf , page4 used on input line 210.
(pdftex.def)             Requested size: 597.53416pt x 845.08372pt.
 [7 <./Dibujo2.jpeg>]
File: simulacion.pdf Graphic file (type pdf)
<use simulacion.pdf, page 4>
Package pdftex.def Info: simulacion.pdf , page4 used on input line 210.
(pdftex.def)             Requested size: 597.53416pt x 845.08372pt.
File: simulacion.pdf Graphic file (type pdf)
<use simulacion.pdf, page 4>
Package pdftex.def Info: simulacion.pdf , page4 used on input line 210.
(pdftex.def)             Requested size: 597.53416pt x 845.08372pt.
File: simulacion.pdf Graphic file (type pdf)
<use simulacion.pdf, page 4>
Package pdftex.def Info: simulacion.pdf , page4 used on input line 210.
(pdftex.def)             Requested size: 597.53416pt x 845.08372pt.
 [8 <./simulacion.pdf>]
<simulacion.pdf, id=236, page=5, 597.50829pt x 845.0471pt>
File: simulacion.pdf Graphic file (type pdf)
<use simulacion.pdf, page 5>
Package pdftex.def Info: simulacion.pdf , page5 used on input line 210.
(pdftex.def)             Requested size: 597.53416pt x 845.08372pt.
File: simulacion.pdf Graphic file (type pdf)
<use simulacion.pdf, page 5>
Package pdftex.def Info: simulacion.pdf , page5 used on input line 210.
(pdftex.def)             Requested size: 597.53416pt x 845.08372pt.
File: simulacion.pdf Graphic file (type pdf)
<use simulacion.pdf, page 5>
Package pdftex.def Info: simulacion.pdf , page5 used on input line 210.
(pdftex.def)             Requested size: 597.53416pt x 845.08372pt.
 [9 <./simulacion.pdf>]
<elementos.pdf, id=241, 597.50829pt x 845.0471pt>
File: elementos.pdf Graphic file (type pdf)
<use elementos.pdf>
Package pdftex.def Info: elementos.pdf  used on input line 216.
(pdftex.def)             Requested size: 597.50682pt x 845.04504pt.
File: elementos.pdf Graphic file (type pdf)
<use elementos.pdf>
Package pdftex.def Info: elementos.pdf  used on input line 216.
(pdftex.def)             Requested size: 597.50682pt x 845.04504pt.
<elementos.pdf, id=244, page=6, 597.50829pt x 845.0471pt>
File: elementos.pdf Graphic file (type pdf)
<use elementos.pdf, page 6>
Package pdftex.def Info: elementos.pdf , page6 used on input line 216.
(pdftex.def)             Requested size: 597.50682pt x 845.04504pt.
File: elementos.pdf Graphic file (type pdf)
<use elementos.pdf, page 6>
Package pdftex.def Info: elementos.pdf , page6 used on input line 216.
(pdftex.def)             Requested size: 597.53416pt x 845.08372pt.
 [10]
File: elementos.pdf Graphic file (type pdf)
<use elementos.pdf, page 6>
Package pdftex.def Info: elementos.pdf , page6 used on input line 216.
(pdftex.def)             Requested size: 597.53416pt x 845.08372pt.
File: elementos.pdf Graphic file (type pdf)
<use elementos.pdf, page 6>
Package pdftex.def Info: elementos.pdf , page6 used on input line 216.
(pdftex.def)             Requested size: 597.53416pt x 845.08372pt.
File: elementos.pdf Graphic file (type pdf)
<use elementos.pdf, page 6>
Package pdftex.def Info: elementos.pdf , page6 used on input line 216.
(pdftex.def)             Requested size: 597.53416pt x 845.08372pt.
 [11 <./elementos.pdf>]
File: elementos.pdf Graphic file (type pdf)
<use elementos.pdf>
Package pdftex.def Info: elementos.pdf  used on input line 217.
(pdftex.def)             Requested size: 597.50682pt x 845.04504pt.
File: elementos.pdf Graphic file (type pdf)
<use elementos.pdf>
Package pdftex.def Info: elementos.pdf  used on input line 217.
(pdftex.def)             Requested size: 597.50682pt x 845.04504pt.
<elementos.pdf, id=274, page=16, 597.50829pt x 845.0471pt>
File: elementos.pdf Graphic file (type pdf)
<use elementos.pdf, page 16>
Package pdftex.def Info: elementos.pdf , page16 used on input line 217.
(pdftex.def)             Requested size: 597.50682pt x 845.04504pt.
File: elementos.pdf Graphic file (type pdf)
<use elementos.pdf, page 16>
Package pdftex.def Info: elementos.pdf , page16 used on input line 217.
(pdftex.def)             Requested size: 597.53416pt x 845.08372pt.
File: elementos.pdf Graphic file (type pdf)
<use elementos.pdf, page 16>
Package pdftex.def Info: elementos.pdf , page16 used on input line 217.
(pdftex.def)             Requested size: 597.53416pt x 845.08372pt.
File: elementos.pdf Graphic file (type pdf)
<use elementos.pdf, page 16>
Package pdftex.def Info: elementos.pdf , page16 used on input line 217.
(pdftex.def)             Requested size: 597.53416pt x 845.08372pt.
File: elementos.pdf Graphic file (type pdf)
<use elementos.pdf, page 16>
Package pdftex.def Info: elementos.pdf , page16 used on input line 217.
(pdftex.def)             Requested size: 597.53416pt x 845.08372pt.
 [12 <./elementos.pdf>]
File: elementos.pdf Graphic file (type pdf)
<use elementos.pdf>
Package pdftex.def Info: elementos.pdf  used on input line 218.
(pdftex.def)             Requested size: 597.50682pt x 845.04504pt.
File: elementos.pdf Graphic file (type pdf)
<use elementos.pdf>
Package pdftex.def Info: elementos.pdf  used on input line 218.
(pdftex.def)             Requested size: 597.50682pt x 845.04504pt.
<elementos.pdf, id=282, page=8, 597.50829pt x 845.0471pt>
File: elementos.pdf Graphic file (type pdf)
<use elementos.pdf, page 8>
Package pdftex.def Info: elementos.pdf , page8 used on input line 218.
(pdftex.def)             Requested size: 597.50682pt x 845.04504pt.
File: elementos.pdf Graphic file (type pdf)
<use elementos.pdf, page 8>
Package pdftex.def Info: elementos.pdf , page8 used on input line 218.
(pdftex.def)             Requested size: 597.53416pt x 845.08372pt.
File: elementos.pdf Graphic file (type pdf)
<use elementos.pdf, page 8>
Package pdftex.def Info: elementos.pdf , page8 used on input line 218.
(pdftex.def)             Requested size: 597.53416pt x 845.08372pt.
File: elementos.pdf Graphic file (type pdf)
<use elementos.pdf, page 8>
Package pdftex.def Info: elementos.pdf , page8 used on input line 218.
(pdftex.def)             Requested size: 597.53416pt x 845.08372pt.
File: elementos.pdf Graphic file (type pdf)
<use elementos.pdf, page 8>
Package pdftex.def Info: elementos.pdf , page8 used on input line 218.
(pdftex.def)             Requested size: 597.53416pt x 845.08372pt.

[13 <./elementos.pdf>]
File: elementos.pdf Graphic file (type pdf)
<use elementos.pdf>
Package pdftex.def Info: elementos.pdf  used on input line 219.
(pdftex.def)             Requested size: 597.50682pt x 845.04504pt.
File: elementos.pdf Graphic file (type pdf)
<use elementos.pdf>
Package pdftex.def Info: elementos.pdf  used on input line 219.
(pdftex.def)             Requested size: 597.50682pt x 845.04504pt.
<elementos.pdf, id=291, page=20, 597.50829pt x 845.0471pt>
File: elementos.pdf Graphic file (type pdf)
<use elementos.pdf, page 20>
Package pdftex.def Info: elementos.pdf , page20 used on input line 219.
(pdftex.def)             Requested size: 597.50682pt x 845.04504pt.
File: elementos.pdf Graphic file (type pdf)
<use elementos.pdf, page 20>
Package pdftex.def Info: elementos.pdf , page20 used on input line 219.
(pdftex.def)             Requested size: 597.53416pt x 845.08372pt.
File: elementos.pdf Graphic file (type pdf)
<use elementos.pdf, page 20>
Package pdftex.def Info: elementos.pdf , page20 used on input line 219.
(pdftex.def)             Requested size: 597.53416pt x 845.08372pt.
File: elementos.pdf Graphic file (type pdf)
<use elementos.pdf, page 20>
Package pdftex.def Info: elementos.pdf , page20 used on input line 219.
(pdftex.def)             Requested size: 597.53416pt x 845.08372pt.
File: elementos.pdf Graphic file (type pdf)
<use elementos.pdf, page 20>
Package pdftex.def Info: elementos.pdf , page20 used on input line 219.
(pdftex.def)             Requested size: 597.53416pt x 845.08372pt.
 [14 <./elementos.pdf>]
<1.jpg, id=297, 4143.48pt x 3107.61pt>
File: 1.jpg Graphic file (type jpg)
<use 1.jpg>
Package pdftex.def Info: 1.jpg  used on input line 224.
(pdftex.def)             Requested size: 207.18613pt x 155.3896pt.
<2.jpg, id=298, 4143.48pt x 3107.61pt>
File: 2.jpg Graphic file (type jpg)
<use 2.jpg>
Package pdftex.def Info: 2.jpg  used on input line 225.
(pdftex.def)             Requested size: 207.18613pt x 155.3896pt.
<3.jpg, id=299, 4143.48pt x 3107.61pt>
File: 3.jpg Graphic file (type jpg)
<use 3.jpg>
Package pdftex.def Info: 3.jpg  used on input line 226.
(pdftex.def)             Requested size: 207.18613pt x 155.3896pt.
<4.jpg, id=300, 4143.48pt x 3107.61pt>
File: 4.jpg Graphic file (type jpg)
<use 4.jpg>
Package pdftex.def Info: 4.jpg  used on input line 227.
(pdftex.def)             Requested size: 207.18613pt x 155.3896pt.
 [15

 <./1.jpg> <./2.jpg> <./3.jpg>]
<5.jpg, id=305, 4143.48pt x 3107.61pt>
File: 5.jpg Graphic file (type jpg)
<use 5.jpg>
Package pdftex.def Info: 5.jpg  used on input line 228.
(pdftex.def)             Requested size: 207.18613pt x 155.3896pt.
<6.jpg, id=306, 4143.48pt x 3107.61pt>
File: 6.jpg Graphic file (type jpg)
<use 6.jpg>
Package pdftex.def Info: 6.jpg  used on input line 229.
(pdftex.def)             Requested size: 207.18613pt x 155.3896pt.
<7.jpg, id=307, 4143.48pt x 3107.61pt>
File: 7.jpg Graphic file (type jpg)
<use 7.jpg>
Package pdftex.def Info: 7.jpg  used on input line 230.
(pdftex.def)             Requested size: 207.18613pt x 155.3896pt.
<8.jpg, id=308, 4143.48pt x 3107.61pt>
File: 8.jpg Graphic file (type jpg)
<use 8.jpg>
Package pdftex.def Info: 8.jpg  used on input line 231.
(pdftex.def)             Requested size: 207.18613pt x 155.3896pt.
 [16 <./4.jpg> <./5.jpg> <./6.jpg> <./7.jpg>]
<9.jpg, id=313, 4143.48pt x 3107.61pt>
File: 9.jpg Graphic file (type jpg)
<use 9.jpg>
Package pdftex.def Info: 9.jpg  used on input line 232.
(pdftex.def)             Requested size: 207.18613pt x 155.3896pt.
 [17 <./8.jpg> <./9.jpg>]
[18

]

LaTeX Warning: Citation `Morales:2009' on page 19 undefined on input line 250.


LaTeX Warning: Citation `de2006robotica' on page 19 undefined on input line 251
.

("Segundo Avance.bbl" [19]
bibitemlist
) [20

]
\tf@toc=\write5
\openout5 = `"Segundo Avance.toc"'.

Package atveryend Info: Empty hook `BeforeClearDocument' on input line 255.
Package atveryend Info: Empty hook `AfterLastShipout' on input line 255.
 ("Segundo Avance.aux"
LaTeX Info: Redefining \. on input line 24.
LaTeX Info: Redefining \% on input line 24.
)
Package atveryend Info: Executing hook `AtVeryEndDocument' on input line 255.
Package atveryend Info: Executing hook `AtEndAfterFileList' on input line 255.
Package rerunfilecheck Info: File `"Segundo Avance".out' has not changed.
(rerunfilecheck)             Checksum: BC9FECCD1298ABA958A9B115A1CF8120;1671.


LaTeX Warning: There were undefined references.


LaTeX Warning: Label(s) may have changed. Rerun to get cross-references right.

Package atveryend Info: Empty hook `AtVeryVeryEnd' on input line 255.
 ) 
Here is how much of TeX's memory you used:
 12979 strings out of 492895
 194171 string characters out of 3123735
 366647 words of memory out of 3000000
 16598 multiletter control sequences out of 15000+200000
 32918 words of font info for 105 fonts, out of 3000000 for 9000
 1141 hyphenation exceptions out of 8191
 42i,18n,46p,657b,510s stack positions out of 5000i,500n,10000p,200000b,50000s
{C:/Users/Tapia/AppData/Local/Programs/MiKTeX 2.9/fonts/enc/dvips/base/8r.enc
}<C:/Users/Tapia/AppData/Local/Programs/MiKTeX 2.9/fonts/type1/public/amsfonts/
cm/cmex10.pfb><C:/Users/Tapia/AppData/Local/Programs/MiKTeX 2.9/fonts/type1/pub
lic/amsfonts/cm/cmmi10.pfb><C:/Users/Tapia/AppData/Local/Programs/MiKTeX 2.9/fo
nts/type1/public/amsfonts/cm/cmmi8.pfb><C:/Users/Tapia/AppData/Local/Programs/M
iKTeX 2.9/fonts/type1/public/amsfonts/cm/cmr10.pfb><C:/Users/Tapia/AppData/Loca
l/Programs/MiKTeX 2.9/fonts/type1/public/amsfonts/cm/cmr8.pfb><C:/Users/Tapia/A
ppData/Local/Programs/MiKTeX 2.9/fonts/type1/public/amsfonts/cm/cmsy10.pfb><C:/
Users/Tapia/AppData/Local/Programs/MiKTeX 2.9/fonts/type1/public/amsfonts/cm/cm
sy8.pfb><C:/Users/Tapia/AppData/Local/Programs/MiKTeX 2.9/fonts/type1/urw/helve
tic/uhvb8a.pfb><C:/Users/Tapia/AppData/Local/Programs/MiKTeX 2.9/fonts/type1/ur
w/helvetic/uhvr8a.pfb><C:/Users/Tapia/AppData/Local/Programs/MiKTeX 2.9/fonts/t
ype1/urw/helvetic/uhvro8a.pfb><C:/Users/Tapia/AppData/Local/Programs/MiKTeX 2.9
/fonts/type1/urw/times/utmb8a.pfb><C:/Users/Tapia/AppData/Local/Programs/MiKTeX
 2.9/fonts/type1/urw/times/utmr8a.pfb><C:/Users/Tapia/AppData/Local/Programs/Mi
KTeX 2.9/fonts/type1/urw/times/utmri8a.pfb>
Output written on "Segundo Avance.pdf" (20 pages, 33447370 bytes).
PDF statistics:
 369 PDF objects out of 1000 (max. 8388607)
 47 named destinations out of 1000 (max. 500000)
 21867 words of extra memory for PDF output out of 24883 (max. 10000000)

