\BOOKMARK [0][-]{chapter.1}{Introducci\363n}{}% 1
\BOOKMARK [1][-]{section.1.1}{Meta}{chapter.1}% 2
\BOOKMARK [1][-]{section.1.2}{Objetivos:}{chapter.1}% 3
\BOOKMARK [1][-]{section.1.3}{Justificaci\363n}{chapter.1}% 4
\BOOKMARK [0][-]{chapter.2}{Desarrollo}{}% 5
\BOOKMARK [1][-]{section.2.1}{Tabla de materias}{chapter.2}% 6
\BOOKMARK [1][-]{section.2.2}{Project}{chapter.2}% 7
\BOOKMARK [1][-]{section.2.3}{Proposici\363n del an\341lisis finito}{chapter.2}% 8
\BOOKMARK [1][-]{section.2.4}{Material seleccionado}{chapter.2}% 9
\BOOKMARK [1][-]{section.2.5}{Cronograma de gastos de elaboraci\363n de robot esf\351rico}{chapter.2}% 10
\BOOKMARK [1][-]{section.2.6}{Avances relacionados con las materias}{chapter.2}% 11
\BOOKMARK [2][-]{subsection.2.6.1}{Dise\361o y selecci\363n de elementos mec\341nicos}{section.2.6}% 12
\BOOKMARK [2][-]{subsection.2.6.2}{Modelado y simulaci\363n de sistemas}{section.2.6}% 13
\BOOKMARK [2][-]{subsection.2.6.3}{Cinem\341tica de robots}{section.2.6}% 14
\BOOKMARK [1][-]{section.2.7}{Simulaci\363n de cinem\341tica directa e inversa}{chapter.2}% 15
\BOOKMARK [1][-]{section.2.8}{An\341lisis de elementos finitos}{chapter.2}% 16
\BOOKMARK [0][-]{chapter.3}{Fotograf\355as del armado de prototipo}{}% 17
\BOOKMARK [0][-]{chapter.4}{Conclusiones}{}% 18
\BOOKMARK [1][-]{section.4.1}{C\351sar Alvarado}{chapter.4}% 19
\BOOKMARK [1][-]{section.4.2}{Jonathan Fonseca}{chapter.4}% 20
\BOOKMARK [1][-]{section.4.3}{Marcos Manzo}{chapter.4}% 21
\BOOKMARK [1][-]{section.4.4}{Eduardo Robles}{chapter.4}% 22
\BOOKMARK [1][-]{section.4.5}{V\355ctor Tapia}{chapter.4}% 23
\BOOKMARK [0][-]{chapter*.1}{Bibliograf\355a}{}% 24
